This file contains any messages produced by compilers while
running configure, to aid debugging if configure makes a mistake.

It was created by rbtree configure 0.1, which was
generated by GNU Autoconf 2.69.  Invocation command line was

  $ ./configure 

## --------- ##
## Platform. ##
## --------- ##

hostname = snowwolf-mint
uname -m = x86_64
uname -r = 3.16.0-38-generic
uname -s = Linux
uname -v = #52~14.04.1-Ubuntu SMP Fri May 8 09:43:57 UTC 2015

/usr/bin/uname -p = unknown
/bin/uname -X     = unknown

/bin/arch              = unknown
/usr/bin/arch -k       = unknown
/usr/convex/getsysinfo = unknown
/usr/bin/hostinfo      = unknown
/bin/machine           = unknown
/usr/bin/oslevel       = unknown
/bin/universe          = unknown

PATH: /home/snowwolf/bin
PATH: /usr/local/sbin
PATH: /usr/local/bin
PATH: /usr/sbin
PATH: /usr/bin
PATH: /sbin
PATH: /bin
PATH: /usr/games
PATH: /usr/local/games


## ----------- ##
## Core tests. ##
## ----------- ##

configure:2181: checking for a BSD-compatible install
configure:2249: result: /usr/bin/install -c
configure:2260: checking whether build environment is sane
configure:2315: result: yes
configure:2466: checking for a thread-safe mkdir -p
configure:2505: result: /bin/mkdir -p
configure:2512: checking for gawk
configure:2528: found /usr/bin/gawk
configure:2539: result: gawk
configure:2550: checking whether make sets $(MAKE)
configure:2572: result: yes
configure:2601: checking whether make supports nested variables
configure:2618: result: yes
configure:2796: checking for gcc
configure:2812: found /usr/bin/gcc
configure:2823: result: gcc
configure:3052: checking for C compiler version
configure:3061: gcc --version >&5
gcc (Ubuntu 4.8.4-2ubuntu1~14.04.3) 4.8.4
Copyright (C) 2013 Free Software Foundation, Inc.
This is free software; see the source for copying conditions.  There is NO
warranty; not even for MERCHANTABILITY or FITNESS FOR A PARTICULAR PURPOSE.

configure:3072: $? = 0
configure:3061: gcc -v >&5
Using built-in specs.
COLLECT_GCC=gcc
COLLECT_LTO_WRAPPER=/usr/lib/gcc/x86_64-linux-gnu/4.8/lto-wrapper
Target: x86_64-linux-gnu
Configured with: ../src/configure -v --with-pkgversion='Ubuntu 4.8.4-2ubuntu1~14.04.3' --with-bugurl=file:///usr/share/doc/gcc-4.8/README.Bugs --enable-languages=c,c++,java,go,d,fortran,objc,obj-c++ --prefix=/usr --program-suffix=-4.8 --enable-shared --enable-linker-build-id --libexecdir=/usr/lib --without-included-gettext --enable-threads=posix --with-gxx-include-dir=/usr/include/c++/4.8 --libdir=/usr/lib --enable-nls --with-sysroot=/ --enable-clocale=gnu --enable-libstdcxx-debug --enable-libstdcxx-time=yes --enable-gnu-unique-object --disable-libmudflap --enable-plugin --with-system-zlib --disable-browser-plugin --enable-java-awt=gtk --enable-gtk-cairo --with-java-home=/usr/lib/jvm/java-1.5.0-gcj-4.8-amd64/jre --enable-java-home --with-jvm-root-dir=/usr/lib/jvm/java-1.5.0-gcj-4.8-amd64 --with-jvm-jar-dir=/usr/lib/jvm-exports/java-1.5.0-gcj-4.8-amd64 --with-arch-directory=amd64 --with-ecj-jar=/usr/share/java/eclipse-ecj.jar --enable-objc-gc --enable-multiarch --disable-werror --with-arch-32=i686 --with-abi=m64 --with-multilib-list=m32,m64,mx32 --with-tune=generic --enable-checking=release --build=x86_64-linux-gnu --host=x86_64-linux-gnu --target=x86_64-linux-gnu
Thread model: posix
gcc version 4.8.4 (Ubuntu 4.8.4-2ubuntu1~14.04.3) 
configure:3072: $? = 0
configure:3061: gcc -V >&5
gcc: error: unrecognized command line option '-V'
gcc: fatal error: no input files
compilation terminated.
configure:3072: $? = 4
configure:3061: gcc -qversion >&5
gcc: error: unrecognized command line option '-qversion'
gcc: fatal error: no input files
compilation terminated.
configure:3072: $? = 4
configure:3092: checking whether the C compiler works
configure:3114: gcc    conftest.c  >&5
configure:3118: $? = 0
configure:3166: result: yes
configure:3169: checking for C compiler default output file name
configure:3171: result: a.out
configure:3177: checking for suffix of executables
configure:3184: gcc -o conftest    conftest.c  >&5
configure:3188: $? = 0
configure:3210: result: 
configure:3232: checking whether we are cross compiling
configure:3240: gcc -o conftest    conftest.c  >&5
configure:3244: $? = 0
configure:3251: ./conftest
configure:3255: $? = 0
configure:3270: result: no
configure:3275: checking for suffix of object files
configure:3297: gcc -c   conftest.c >&5
configure:3301: $? = 0
configure:3322: result: o
configure:3326: checking whether we are using the GNU C compiler
configure:3345: gcc -c   conftest.c >&5
configure:3345: $? = 0
configure:3354: result: yes
configure:3363: checking whether gcc accepts -g
configure:3383: gcc -c -g  conftest.c >&5
configure:3383: $? = 0
configure:3424: result: yes
configure:3441: checking for gcc option to accept ISO C89
configure:3504: gcc  -c -g -O2  conftest.c >&5
configure:3504: $? = 0
configure:3517: result: none needed
configure:3542: checking whether gcc understands -c and -o together
configure:3564: gcc -c conftest.c -o conftest2.o
configure:3567: $? = 0
configure:3564: gcc -c conftest.c -o conftest2.o
configure:3567: $? = 0
configure:3579: result: yes
configure:3607: checking for style of include used by make
configure:3635: result: GNU
configure:3661: checking dependency style of gcc
configure:3772: result: gcc3
configure:3797: checking how to run the C preprocessor
configure:3828: gcc -E  conftest.c
configure:3828: $? = 0
configure:3842: gcc -E  conftest.c
conftest.c:11:28: fatal error: ac_nonexistent.h: No such file or directory
 #include <ac_nonexistent.h>
                            ^
compilation terminated.
configure:3842: $? = 1
configure: failed program was:
| /* confdefs.h */
| #define PACKAGE_NAME "rbtree"
| #define PACKAGE_TARNAME "rbtree"
| #define PACKAGE_VERSION "0.1"
| #define PACKAGE_STRING "rbtree 0.1"
| #define PACKAGE_BUGREPORT ""
| #define PACKAGE_URL ""
| #define PACKAGE "rbtree"
| #define VERSION "0.1"
| /* end confdefs.h.  */
| #include <ac_nonexistent.h>
configure:3867: result: gcc -E
configure:3887: gcc -E  conftest.c
configure:3887: $? = 0
configure:3901: gcc -E  conftest.c
conftest.c:11:28: fatal error: ac_nonexistent.h: No such file or directory
 #include <ac_nonexistent.h>
                            ^
compilation terminated.
configure:3901: $? = 1
configure: failed program was:
| /* confdefs.h */
| #define PACKAGE_NAME "rbtree"
| #define PACKAGE_TARNAME "rbtree"
| #define PACKAGE_VERSION "0.1"
| #define PACKAGE_STRING "rbtree 0.1"
| #define PACKAGE_BUGREPORT ""
| #define PACKAGE_URL ""
| #define PACKAGE "rbtree"
| #define VERSION "0.1"
| /* end confdefs.h.  */
| #include <ac_nonexistent.h>
configure:3930: checking for grep that handles long lines and -e
configure:3988: result: /bin/grep
configure:3993: checking for egrep
configure:4055: result: /bin/grep -E
configure:4060: checking for ANSI C header files
configure:4080: gcc -c -g -O2  conftest.c >&5
configure:4080: $? = 0
configure:4153: gcc -o conftest -g -O2   conftest.c  >&5
configure:4153: $? = 0
configure:4153: ./conftest
configure:4153: $? = 0
configure:4164: result: yes
configure:4177: checking for sys/types.h
configure:4177: gcc -c -g -O2  conftest.c >&5
configure:4177: $? = 0
configure:4177: result: yes
configure:4177: checking for sys/stat.h
configure:4177: gcc -c -g -O2  conftest.c >&5
configure:4177: $? = 0
configure:4177: result: yes
configure:4177: checking for stdlib.h
configure:4177: gcc -c -g -O2  conftest.c >&5
configure:4177: $? = 0
configure:4177: result: yes
configure:4177: checking for string.h
configure:4177: gcc -c -g -O2  conftest.c >&5
configure:4177: $? = 0
configure:4177: result: yes
configure:4177: checking for memory.h
configure:4177: gcc -c -g -O2  conftest.c >&5
configure:4177: $? = 0
configure:4177: result: yes
configure:4177: checking for strings.h
configure:4177: gcc -c -g -O2  conftest.c >&5
configure:4177: $? = 0
configure:4177: result: yes
configure:4177: checking for inttypes.h
configure:4177: gcc -c -g -O2  conftest.c >&5
configure:4177: $? = 0
configure:4177: result: yes
configure:4177: checking for stdint.h
configure:4177: gcc -c -g -O2  conftest.c >&5
configure:4177: $? = 0
configure:4177: result: yes
configure:4177: checking for unistd.h
configure:4177: gcc -c -g -O2  conftest.c >&5
configure:4177: $? = 0
configure:4177: result: yes
configure:4192: checking stddef.h usability
configure:4192: gcc -c -g -O2  conftest.c >&5
configure:4192: $? = 0
configure:4192: result: yes
configure:4192: checking stddef.h presence
configure:4192: gcc -E  conftest.c
configure:4192: $? = 0
configure:4192: result: yes
configure:4192: checking for stddef.h
configure:4192: result: yes
configure:4192: checking for string.h
configure:4192: result: yes
configure:4192: checking for stdlib.h
configure:4192: result: yes
configure:4192: checking stdio.h usability
configure:4192: gcc -c -g -O2  conftest.c >&5
configure:4192: $? = 0
configure:4192: result: yes
configure:4192: checking stdio.h presence
configure:4192: gcc -E  conftest.c
configure:4192: $? = 0
configure:4192: result: yes
configure:4192: checking for stdio.h
configure:4192: result: yes
configure:4208: checking for stdlib.h
configure:4208: result: yes
configure:4218: checking for GNU libc compatible malloc
configure:4242: gcc -o conftest -g -O2   conftest.c  >&5
configure:4242: $? = 0
configure:4242: ./conftest
configure:4242: $? = 0
configure:4252: result: yes
configure:4275: checking for memset
configure:4275: gcc -o conftest -g -O2   conftest.c  >&5
conftest.c:50:6: warning: conflicting types for built-in function 'memset' [enabled by default]
 char memset ();
      ^
configure:4275: $? = 0
configure:4275: result: yes
configure:4396: checking that generated files are newer than configure
configure:4402: result: done
configure:4425: creating ./config.status

## ---------------------- ##
## Running config.status. ##
## ---------------------- ##

This file was extended by rbtree config.status 0.1, which was
generated by GNU Autoconf 2.69.  Invocation command line was

  CONFIG_FILES    = 
  CONFIG_HEADERS  = 
  CONFIG_LINKS    = 
  CONFIG_COMMANDS = 
  $ ./config.status 

on snowwolf-mint

config.status:860: creating Makefile
config.status:860: creating src/Makefile
config.status:860: creating config.h
config.status:1041: config.h is unchanged
config.status:1089: executing depfiles commands

## ---------------- ##
## Cache variables. ##
## ---------------- ##

ac_cv_c_compiler_gnu=yes
ac_cv_env_CC_set=
ac_cv_env_CC_value=
ac_cv_env_CFLAGS_set=
ac_cv_env_CFLAGS_value=
ac_cv_env_CPPFLAGS_set=
ac_cv_env_CPPFLAGS_value=
ac_cv_env_CPP_set=
ac_cv_env_CPP_value=
ac_cv_env_LDFLAGS_set=
ac_cv_env_LDFLAGS_value=
ac_cv_env_LIBS_set=
ac_cv_env_LIBS_value=
ac_cv_env_build_alias_set=
ac_cv_env_build_alias_value=
ac_cv_env_host_alias_set=
ac_cv_env_host_alias_value=
ac_cv_env_target_alias_set=
ac_cv_env_target_alias_value=
ac_cv_func_malloc_0_nonnull=yes
ac_cv_func_memset=yes
ac_cv_header_inttypes_h=yes
ac_cv_header_memory_h=yes
ac_cv_header_stdc=yes
ac_cv_header_stddef_h=yes
ac_cv_header_stdint_h=yes
ac_cv_header_stdio_h=yes
ac_cv_header_stdlib_h=yes
ac_cv_header_string_h=yes
ac_cv_header_strings_h=yes
ac_cv_header_sys_stat_h=yes
ac_cv_header_sys_types_h=yes
ac_cv_header_unistd_h=yes
ac_cv_objext=o
ac_cv_path_EGREP='/bin/grep -E'
ac_cv_path_GREP=/bin/grep
ac_cv_path_install='/usr/bin/install -c'
ac_cv_path_mkdir=/bin/mkdir
ac_cv_prog_AWK=gawk
ac_cv_prog_CPP='gcc -E'
ac_cv_prog_ac_ct_CC=gcc
ac_cv_prog_cc_c89=
ac_cv_prog_cc_g=yes
ac_cv_prog_make_make_set=yes
am_cv_CC_dependencies_compiler_type=gcc3
am_cv_make_support_nested_variables=yes
am_cv_prog_cc_c_o=yes

## ----------------- ##
## Output variables. ##
## ----------------- ##

ACLOCAL='${SHELL} /home/snowwolf/workspace/leetcode/Algorithms/rbtree/missing aclocal-1.14'
AMDEPBACKSLASH='\'
AMDEP_FALSE='#'
AMDEP_TRUE=''
AMTAR='$${TAR-tar}'
AM_BACKSLASH='\'
AM_DEFAULT_V='$(AM_DEFAULT_VERBOSITY)'
AM_DEFAULT_VERBOSITY='1'
AM_V='$(V)'
AUTOCONF='${SHELL} /home/snowwolf/workspace/leetcode/Algorithms/rbtree/missing autoconf'
AUTOHEADER='${SHELL} /home/snowwolf/workspace/leetcode/Algorithms/rbtree/missing autoheader'
AUTOMAKE='${SHELL} /home/snowwolf/workspace/leetcode/Algorithms/rbtree/missing automake-1.14'
AWK='gawk'
CC='gcc'
CCDEPMODE='depmode=gcc3'
CFLAGS='-g -O2'
CPP='gcc -E'
CPPFLAGS=''
CYGPATH_W='echo'
DEFS='-DHAVE_CONFIG_H'
DEPDIR='.deps'
ECHO_C=''
ECHO_N='-n'
ECHO_T=''
EGREP='/bin/grep -E'
EXEEXT=''
GREP='/bin/grep'
INSTALL_DATA='${INSTALL} -m 644'
INSTALL_PROGRAM='${INSTALL}'
INSTALL_SCRIPT='${INSTALL}'
INSTALL_STRIP_PROGRAM='$(install_sh) -c -s'
LDFLAGS=''
LIBOBJS=''
LIBS=''
LTLIBOBJS=''
MAKEINFO='${SHELL} /home/snowwolf/workspace/leetcode/Algorithms/rbtree/missing makeinfo'
MKDIR_P='/bin/mkdir -p'
OBJEXT='o'
PACKAGE='rbtree'
PACKAGE_BUGREPORT=''
PACKAGE_NAME='rbtree'
PACKAGE_STRING='rbtree 0.1'
PACKAGE_TARNAME='rbtree'
PACKAGE_URL=''
PACKAGE_VERSION='0.1'
PATH_SEPARATOR=':'
SET_MAKE=''
SHELL='/bin/bash'
STRIP=''
VERSION='0.1'
ac_ct_CC='gcc'
am__EXEEXT_FALSE=''
am__EXEEXT_TRUE='#'
am__fastdepCC_FALSE='#'
am__fastdepCC_TRUE=''
am__include='include'
am__isrc=''
am__leading_dot='.'
am__nodep='_no'
am__quote=''
am__tar='$${TAR-tar} chof - "$$tardir"'
am__untar='$${TAR-tar} xf -'
bindir='${exec_prefix}/bin'
build_alias=''
datadir='${datarootdir}'
datarootdir='${prefix}/share'
docdir='${datarootdir}/doc/${PACKAGE_TARNAME}'
dvidir='${docdir}'
exec_prefix='${prefix}'
host_alias=''
htmldir='${docdir}'
includedir='${prefix}/include'
infodir='${datarootdir}/info'
install_sh='${SHELL} /home/snowwolf/workspace/leetcode/Algorithms/rbtree/install-sh'
libdir='${exec_prefix}/lib'
libexecdir='${exec_prefix}/libexec'
localedir='${datarootdir}/locale'
localstatedir='${prefix}/var'
mandir='${datarootdir}/man'
mkdir_p='$(MKDIR_P)'
oldincludedir='/usr/include'
pdfdir='${docdir}'
prefix='/usr/local'
program_transform_name='s,x,x,'
psdir='${docdir}'
sbindir='${exec_prefix}/sbin'
sharedstatedir='${prefix}/com'
sysconfdir='${prefix}/etc'
target_alias=''

## ----------- ##
## confdefs.h. ##
## ----------- ##

/* confdefs.h */
#define PACKAGE_NAME "rbtree"
#define PACKAGE_TARNAME "rbtree"
#define PACKAGE_VERSION "0.1"
#define PACKAGE_STRING "rbtree 0.1"
#define PACKAGE_BUGREPORT ""
#define PACKAGE_URL ""
#define PACKAGE "rbtree"
#define VERSION "0.1"
#define STDC_HEADERS 1
#define HAVE_SYS_TYPES_H 1
#define HAVE_SYS_STAT_H 1
#define HAVE_STDLIB_H 1
#define HAVE_STRING_H 1
#define HAVE_MEMORY_H 1
#define HAVE_STRINGS_H 1
#define HAVE_INTTYPES_H 1
#define HAVE_STDINT_H 1
#define HAVE_UNISTD_H 1
#define HAVE_STDDEF_H 1
#define HAVE_STRING_H 1
#define HAVE_STDLIB_H 1
#define HAVE_STDIO_H 1
#define HAVE_STDLIB_H 1
#define HAVE_MALLOC 1
#define HAVE_MEMSET 1

configure: exit 0
